# JRE version: Java(TM) SE Runtime Environment (8.0_66-b18) (build 1.8.0_66-b18)
# Java VM: Java HotSpot(TM) Client VM (25.66-b18 mixed mode windows-x86 )
Heap:
 def new generation   total 9984K, used 7343K [0x03a00000, 0x044d0000, 0x08f50000)
  eden space 8896K,  70% used [0x03a00000, 0x0401bcc0, 0x042b0000)
  from space 1088K, 100% used [0x042b0000, 0x043c0000, 0x043c0000)
  to   space 1088K,   0% used [0x043c0000, 0x043c0000, 0x044d0000)
 tenured generation   total 22088K, used 17895K [0x08f50000, 0x0a4e2000, 0x13a00000)
   the space 22088K,  81% used [0x08f50000, 0x0a0c9f50, 0x0a0ca000, 0x0a4e2000)
 Metaspace       used 13770K, capacity 14501K, committed 14592K, reserved 14720K
GC Heap History (10 events):
Event: 1.508 GC heap before
{Heap before GC invocations=3 (full 0):
 def new generation   total 4928K, used 4928K [0x03a00000, 0x03f50000, 0x08f50000)
  eden space 4416K, 100% used [0x03a00000, 0x03e50000, 0x03e50000)
  from space 512K, 100% used [0x03ed0000, 0x03f50000, 0x03f50000)
  to   space 512K,   0% used [0x03e50000, 0x03e50000, 0x03ed0000)
 tenured generation   total 10944K, used 1653K [0x08f50000, 0x09a00000, 0x13a00000)
   the space 10944K,  15% used [0x08f50000, 0x090ed758, 0x090ed800, 0x09a00000)
 Metaspace       used 7382K, capacity 7758K, committed 7808K, reserved 8576K
Event: 1.513 GC heap after
Heap after GC invocations=4 (full 0):
 def new generation   total 4928K, used 362K [0x03a00000, 0x03f50000, 0x08f50000)
  eden space 4416K,   0% used [0x03a00000, 0x03a00000, 0x03e50000)
  from space 512K,  70% used [0x03e50000, 0x03eaa840, 0x03ed0000)
  to   space 512K,   0% used [0x03ed0000, 0x03ed0000, 0x03f50000)
 tenured generation   total 10944K, used 2161K [0x08f50000, 0x09a00000, 0x13a00000)
   the space 10944K,  19% used [0x08f50000, 0x0916c738, 0x0916c800, 0x09a00000)
 Metaspace       used 7382K, capacity 7758K, committed 7808K, reserved 8576K
}
Event: 1.787 GC heap before
{Heap before GC invocations=4 (full 0):
 def new generation   total 4928K, used 4778K [0x03a00000, 0x03f50000, 0x08f50000)
  eden space 4416K, 100% used [0x03a00000, 0x03e50000, 0x03e50000)
  from space 512K,  70% used [0x03e50000, 0x03eaa840, 0x03ed0000)
  to   space 512K,   0% used [0x03ed0000, 0x03ed0000, 0x03f50000)
 tenured generation   total 10944K, used 2161K [0x08f50000, 0x09a00000, 0x13a00000)
   the space 10944K,  19% used [0x08f50000, 0x0916c738, 0x0916c800, 0x09a00000)
 Metaspace       used 8490K, capacity 8975K, committed 9088K, reserved 9600K
Event: 1.792 GC heap after
Heap after GC invocations=5 (full 0):
 def new generation   total 4928K, used 392K [0x03a00000, 0x03f50000, 0x08f50000)
  eden space 4416K,   0% used [0x03a00000, 0x03a00000, 0x03e50000)
  from space 512K,  76% used [0x03ed0000, 0x03f323e0, 0x03f50000)
  to   space 512K,   0% used [0x03e50000, 0x03e50000, 0x03ed0000)
 tenured generation   total 10944K, used 2481K [0x08f50000, 0x09a00000, 0x13a00000)
   the space 10944K,  22% used [0x08f50000, 0x091bc790, 0x091bc800, 0x09a00000)
 Metaspace       used 8490K, capacity 8975K, committed 9088K, reserved 9600K
}
Event: 1.963 GC heap before
{Heap before GC invocations=5 (full 0):
 def new generation   total 4928K, used 4808K [0x03a00000, 0x03f50000, 0x08f50000)
  eden space 4416K, 100% used [0x03a00000, 0x03e50000, 0x03e50000)
  from space 512K,  76% used [0x03ed0000, 0x03f323e0, 0x03f50000)
  to   space 512K,   0% used [0x03e50000, 0x03e50000, 0x03ed0000)
 tenured generation   total 10944K, used 10673K [0x08f50000, 0x09a00000, 0x13a00000)
   the space 10944K,  97% used [0x08f50000, 0x099bc7a0, 0x099bc800, 0x09a00000)
 Metaspace       used 9053K, capacity 9559K, committed 9600K, reserved 9600K
Event: 1.992 GC heap after
Heap after GC invocations=6 (full 1):
 def new generation   total 9984K, used 485K [0x03a00000, 0x044d0000, 0x08f50000)
  eden space 8896K,   5% used [0x03a00000, 0x03a796f0, 0x042b0000)
  from space 1088K,   0% used [0x042b0000, 0x042b0000, 0x043c0000)
  to   space 1088K,   0% used [0x043c0000, 0x043c0000, 0x044d0000)
 tenured generation   total 22088K, used 13252K [0x08f50000, 0x0a4e2000, 0x13a00000)
   the space 22088K,  59% used [0x08f50000, 0x09c41000, 0x09c41000, 0x0a4e2000)
 Metaspace       used 9053K, capacity 9559K, committed 9600K, reserved 9600K
}
Event: 4.158 GC heap before
{Heap before GC invocations=6 (full 1):
 def new generation   total 9984K, used 8896K [0x03a00000, 0x044d0000, 0x08f50000)
  eden space 8896K, 100% used [0x03a00000, 0x042b0000, 0x042b0000)
  from space 1088K,   0% used [0x042b0000, 0x042b0000, 0x043c0000)
  to   space 1088K,   0% used [0x043c0000, 0x043c0000, 0x044d0000)
 tenured generation   total 22088K, used 13252K [0x08f50000, 0x0a4e2000, 0x13a00000)
   the space 22088K,  59% used [0x08f50000, 0x09c41000, 0x09c41000, 0x0a4e2000)
 Metaspace       used 12276K, capacity 12978K, committed 13056K, reserved 13696K
Event: 4.172 GC heap after
Heap after GC invocations=7 (full 1):
 def new generation   total 9984K, used 1088K [0x03a00000, 0x044d0000, 0x08f50000)
  eden space 8896K,   0% used [0x03a00000, 0x03a00000, 0x042b0000)
  from space 1088K, 100% used [0x043c0000, 0x044d0000, 0x044d0000)
  to   space 1088K,   0% used [0x042b0000, 0x042b0000, 0x043c0000)
 tenured generation   total 22088K, used 14479K [0x08f50000, 0x0a4e2000, 0x13a00000)
   the space 22088K,  65% used [0x08f50000, 0x09d73c60, 0x09d73e00, 0x0a4e2000)
 Metaspace       used 12276K, capacity 12978K, committed 13056K, reserved 13696K
}
Event: 5.586 GC heap before
{Heap before GC invocations=7 (full 1):
 def new generation   total 9984K, used 9984K [0x03a00000, 0x044d0000, 0x08f50000)
  eden space 8896K, 100% used [0x03a00000, 0x042b0000, 0x042b0000)
  from space 1088K, 100% used [0x043c0000, 0x044d0000, 0x044d0000)
  to   space 1088K,   0% used [0x042b0000, 0x042b0000, 0x043c0000)
 tenured generation   total 22088K, used 14479K [0x08f50000, 0x0a4e2000, 0x13a00000)
   the space 22088K,  65% used [0x08f50000, 0x09d73c60, 0x09d73e00, 0x0a4e2000)
 Metaspace       used 12695K, capacity 13418K, committed 13440K, reserved 13696K
Event: 5.606 GC heap after
Heap after GC invocations=8 (full 1):
 def new generation   total 9984K, used 1088K [0x03a00000, 0x044d0000, 0x08f50000)
  eden space 8896K,   0% used [0x03a00000, 0x03a00000, 0x042b0000)
  from space 1088K, 100% used [0x042b0000, 0x043c0000, 0x043c0000)
  to   space 1088K,   0% used [0x043c0000, 0x043c0000, 0x044d0000)
 tenured generation   total 22088K, used 17895K [0x08f50000, 0x0a4e2000, 0x13a00000)
   the space 22088K,  81% used [0x08f50000, 0x0a0c9f50, 0x0a0ca000, 0x0a4e2000)
 Metaspace       used 12695K, capacity 13418K, committed 13440K, reserved 13696K
}

